<?xml version="1.0" encoding="UTF-8"?>
<testsuite name="AvionPrivadoTest" tests="2" skipped="0" failures="0" errors="0" timestamp="2024-07-30T18:06:13" hostname="DESKTOP-PMDEJFA" time="0.007">
  <properties/>
  <testcase name="testGetCombustibleDeberiaIgualar60()" classname="AvionPrivadoTest" time="0.003"/>
  <testcase name="testVolarDeberiaIgualar96000()" classname="AvionPrivadoTest" time="0.001"/>
  <system-out><![CDATA[]]></system-out>
  <system-err><![CDATA[]]></system-err>
</testsuite>
