<?xml version="1.0" encoding="UTF-8"?>
<testsuite name="CalculadorCombustibleTest" tests="3" skipped="0" failures="0" errors="0" timestamp="2024-07-30T18:06:13" hostname="DESKTOP-PMDEJFA" time="0.019">
  <properties/>
  <testcase name="testCalcularCombustibleAPrivadoDeberiaIgualar96000()" classname="CalculadorCombustibleTest" time="0.005"/>
  <testcase name="testCalcularCombustibleAComercialDeberiaIgualar33000()" classname="CalculadorCombustibleTest" time="0.003"/>
  <testcase name="testGetInstance()" classname="CalculadorCombustibleTest" time="0.004"/>
  <system-out><![CDATA[]]></system-out>
  <system-err><![CDATA[]]></system-err>
</testsuite>
