<?xml version="1.0" encoding="UTF-8"?>
<testsuite name="AvionComercialTest" tests="1" skipped="0" failures="0" errors="0" timestamp="2024-07-30T18:06:13" hostname="DESKTOP-PMDEJFA" time="0.052">
  <properties/>
  <testcase name="testVolarDeberiaIgualar33000()" classname="AvionComercialTest" time="0.052"/>
  <system-out><![CDATA[]]></system-out>
  <system-err><![CDATA[]]></system-err>
</testsuite>
